cgi-bin/build_layout.bash 522b1702f422190a9184fab1b8e9b14415a054731decf3 KType standard "KType-Standard-0.kll" "KType-Standard-1.kll"  2>&1
+ DefaultMapOverride='stdFuncMap KType-Standard-0'
+ PartialMapsExpandedOverride='stdFuncMap KType-Standard-1'
+ CMakeExtraArgs=-DCONFIGURATOR=1
+ /srv/KiiConf/controller/Keyboards/k-type.bash -c /srv/KiiConf/controller -o /srv/KiiConf/tmp/522b1702f422190a9184fab1b8e9b14415a054731decf3
linux-gnu/Linux is supported.
Selected Generator: Ninja
/srv/KiiConf/tmp/522b1702f422190a9184fab1b8e9b14415a054731decf3
-- Build CPU Detected:
x86_64
-- Build OS Detected:
Linux 4.9.7-x86_64-linode80
-- Compiler Family:
arm
-- Compiler Selected:
gcc
-- Chip Selected:
mk20dx256vlh7
-- Chip Family:
mk2x
-- CPU Selected:
cortex-m4
-- Compiler Source Files:
Lib/kinetis.c;Lib/delay.c;Lib/entropy.c;Lib/time.c
-- Bootloader Type:
dfu
-- Full Compiler:
/usr/bin/arm-none-eabi-gcc 
-- Detected Scan Module Source Files:
Scan/Devices/ISSILed/i2c.c;Scan/Devices/ISSILed/led_scan.c;Scan/Devices/MatrixARM/matrix_scan.c;Scan/Devices/PortSwap/port_scan.c;Scan/Devices/UARTConnect/connect_scan.c;Scan/K-Type/scan_loop.c
-- Detected Macro Module Source Files:
Macro/PartialMap/macro.c;Macro/PartialMap/result.c;Macro/PartialMap/trigger.c;Macro/PixelMap/pixel.c;/srv/KiiConf/tmp/522b1702f422190a9184fab1b8e9b14415a054731decf3/generatedPixelmap.c
-- Detected Output Module Source Files:
Output/HID-IO/hidio_com.c;Output/pjrcUSB/output_com.c;Output/pjrcUSB/arm/usb_desc.c;Output/pjrcUSB/arm/usb_dev.c;Output/pjrcUSB/arm/usb_joystick.c;Output/pjrcUSB/arm/usb_keyboard.c;Output/pjrcUSB/arm/usb_mem.c;Output/pjrcUSB/arm/usb_mouse.c;Output/pjrcUSB/arm/usb_rawio.c;Output/pjrcUSB/arm/usb_serial.c
-- Detected Debug Module Source Files:
Debug/cli/cli.c;Debug/led/led.c;Debug/print/print.c
-- Found Git: /usr/bin/git (found version "1.9.1") 
-- Found Ctags: /usr/bin/ctags (found version "5.9~svn20110310") 
ctags: cannot open tag file : Permission denied
-- Found PythonInterp: python3 (found suitable version "3.4.3", minimum required is "3") 
-- Detected Layout Files:
/srv/KiiConf/controller/Scan/Devices/ISSILed/capabilities.kll
/srv/KiiConf/controller/Scan/Devices/MatrixARM/capabilities.kll
/srv/KiiConf/controller/Scan/Devices/PortSwap/capabilities.kll
/srv/KiiConf/controller/Scan/Devices/UARTConnect/capabilities.kll
/srv/KiiConf/controller/Macro/PartialMap/capabilities.kll
/srv/KiiConf/controller/Macro/PixelMap/capabilities.kll
/srv/KiiConf/controller/Output/HID-IO/capabilities.kll
/srv/KiiConf/controller/Output/pjrcUSB/capabilities.kll
/srv/KiiConf/controller/Scan/K-Type/scancode_map.kll
/srv/KiiConf/controller/kll/layouts/stdFuncMap.kll
/srv/KiiConf/tmp/522b1702f422190a9184fab1b8e9b14415a054731decf3/KType-Standard-0.kll
/srv/KiiConf/controller/kll/layouts/stdFuncMap.kll
/srv/KiiConf/tmp/522b1702f422190a9184fab1b8e9b14415a054731decf3/KType-Standard-1.kll
-- Found DFU_SUFFIX: /usr/local/bin/dfu-suffix (found version "0.8") 
-- Configuring done
-- Generating done
-- Build files have been written to: /srv/KiiConf/tmp/522b1702f422190a9184fab1b8e9b14415a054731decf3
[1/33] Generating KLL Layout
kll BETA 0.5c.219141103cf0b737cb15f6c4501abcaf3907ed89 - 2017-11-04 22:57:38 -0700
[2/33] Building C object CMakeFiles/kiibohd.dir/main.c.o
[3/33] Building C object CMakeFiles/kiibohd.dir/Lib/kinetis.c.o
[4/33] Building C object CMakeFiles/kiibohd.dir/Lib/delay.c.o
[5/33] Building C object CMakeFiles/kiibohd.dir/Lib/entropy.c.o
[6/33] Building C object CMakeFiles/kiibohd.dir/Lib/time.c.o
[7/33] Building C object CMakeFiles/kiibohd.dir/Macro/PartialMap/trigger.c.o
[8/33] Building C object CMakeFiles/kiibohd.dir/Scan/Devices/UARTConnect/connect_scan.c.o
[9/33] Building C object CMakeFiles/kiibohd.dir/Scan/Devices/ISSILed/i2c.c.o
[10/33] Building C object CMakeFiles/kiibohd.dir/Scan/Devices/ISSILed/led_scan.c.o
[11/33] Building C object CMakeFiles/kiibohd.dir/Scan/Devices/MatrixARM/matrix_scan.c.o
[12/33] Building C object CMakeFiles/kiibohd.dir/Scan/Devices/PortSwap/port_scan.c.o
[13/33] Building C object CMakeFiles/kiibohd.dir/Scan/K-Type/scan_loop.c.o
[14/33] Building C object CMakeFiles/kiibohd.dir/Macro/PixelMap/pixel.c.o
[15/33] Building C object CMakeFiles/kiibohd.dir/Macro/PartialMap/macro.c.o
[16/33] Building C object CMakeFiles/kiibohd.dir/Macro/PartialMap/result.c.o
[17/33] Building C object CMakeFiles/kiibohd.dir/generatedPixelmap.c.o
[18/33] Building C object CMakeFiles/kiibohd.dir/Debug/cli/cli.c.o
[19/33] Building C object CMakeFiles/kiibohd.dir/Debug/led/led.c.o
[20/33] Building C object CMakeFiles/kiibohd.dir/Output/HID-IO/hidio_com.c.o
[21/33] Building C object CMakeFiles/kiibohd.dir/Output/pjrcUSB/output_com.c.o
[22/33] Building C object CMakeFiles/kiibohd.dir/Output/pjrcUSB/arm/usb_desc.c.o
[23/33] Building C object CMakeFiles/kiibohd.dir/Output/pjrcUSB/arm/usb_dev.c.o
[24/33] Building C object CMakeFiles/kiibohd.dir/Output/pjrcUSB/arm/usb_joystick.c.o
[25/33] Building C object CMakeFiles/kiibohd.dir/Output/pjrcUSB/arm/usb_keyboard.c.o
[26/33] Building C object CMakeFiles/kiibohd.dir/Output/pjrcUSB/arm/usb_mem.c.o
[27/33] Building C object CMakeFiles/kiibohd.dir/Output/pjrcUSB/arm/usb_mouse.c.o
[28/33] Building C object CMakeFiles/kiibohd.dir/Output/pjrcUSB/arm/usb_rawio.c.o
[29/33] Building C object CMakeFiles/kiibohd.dir/Output/pjrcUSB/arm/usb_serial.c.o
[30/33] Building C object CMakeFiles/kiibohd.dir/Debug/print/print.c.o
[31/33] Linking C executable kiibohd.elf
Setting new key
Key Prepended: 0000000000000000
[32/33] Message for DFU targets
[33/33] Chip usage for mk20dx256vlh7
NOTE: kiibohd.secure.dfu.bin is required for secure Kiibohd Bootloaders.
Only keyboards from late 2017 and onwards, support this.
See lsusb -d 1c11: -v and look for iInterface 4 Kiibohd DFU Secure.
Otherwise, use the kiibohd.dfu.bin file when it says iInterface 4 Kiibohd DFU.
Use the physical reset button on the back of the keyboard to temporarily disable secure mode.
NOTE2: Secure mode is disabled currently, but will be enabled when key negotiation is supported.
	 SRAM: 	17% 	11268/65536	bytes
	Flash: 	24% 	61084/253952	bytes
Firmware has been compiled into: '/srv/KiiConf/tmp/522b1702f422190a9184fab1b8e9b14415a054731decf3'
/srv/KiiConf/dist
+ RETVAL=0
+ set +x
Compilation Completed.
